<?xml version="1.0" encoding="UTF-8"?>
<testng-results ignored="0" total="1" passed="1" failed="0" skipped="0">
  <reporter-output>
  </reporter-output>
  <suite started-at="2022-06-30T23:36:09 IST" name="Suite" finished-at="2022-06-30T23:36:44 IST" duration-ms="34227">
    <groups>
    </groups>
    <test started-at="2022-06-30T23:36:09 IST" name="Test" finished-at="2022-06-30T23:36:44 IST" duration-ms="34227">
      <class name="testcases.VerifyAdminLogin">
        <test-method is-config="true" signature="launchBrowser()[pri:0, instance:testcases.VerifyAdminLogin@11392934]" started-at="2022-06-30T23:36:10 IST" name="launchBrowser" finished-at="2022-06-30T23:36:40 IST" duration-ms="30492" status="PASS">
          <reporter-output>
          </reporter-output>
        </test-method> <!-- launchBrowser -->
        <test-method signature="verifyAdminLogin()[pri:0, instance:testcases.VerifyAdminLogin@11392934]" started-at="2022-06-30T23:36:40 IST" name="verifyAdminLogin" finished-at="2022-06-30T23:36:43 IST" duration-ms="3260" status="PASS">
          <reporter-output>
          </reporter-output>
        </test-method> <!-- verifyAdminLogin -->
        <test-method is-config="true" signature="closeBrowser()[pri:0, instance:testcases.VerifyAdminLogin@11392934]" started-at="2022-06-30T23:36:43 IST" name="closeBrowser" finished-at="2022-06-30T23:36:44 IST" duration-ms="407" status="PASS">
          <reporter-output>
          </reporter-output>
        </test-method> <!-- closeBrowser -->
      </class> <!-- testcases.VerifyAdminLogin -->
    </test> <!-- Test -->
  </suite> <!-- Suite -->
</testng-results>
